INFO: [VRFC 10-163] Analyzing VHDL file "C:/Xilinx/Projects/swerling_model_rom/swerling_model_rom.ip_user_files/ipstatic/hdl/xbip_utils_v3_0_vh_rfs.vhd" into library xbip_utils_v3_0_7
INFO: [VRFC 10-163] Analyzing VHDL file "C:/Xilinx/Projects/swerling_model_rom/swerling_model_rom.ip_user_files/ipstatic/hdl/c_reg_fd_v12_0_vh_rfs.vhd" into library c_reg_fd_v12_0_3
INFO: [VRFC 10-307] analyzing entity c_reg_fd_v12_0_3_viv
INFO: [VRFC 10-307] analyzing entity c_reg_fd_v12_0_3
INFO: [VRFC 10-163] Analyzing VHDL file "C:/Xilinx/Projects/swerling_model_rom/swerling_model_rom.ip_user_files/ipstatic/hdl/xbip_dsp48_wrapper_v3_0_vh_rfs.vhd" into library xbip_dsp48_wrapper_v3_0_4
INFO: [VRFC 10-307] analyzing entity xbip_dsp48a_wrapper_v3_0
INFO: [VRFC 10-307] analyzing entity xbip_dsp48a1_wrapper_v3_0
INFO: [VRFC 10-307] analyzing entity xbip_dsp48e_wrapper_v3_0
INFO: [VRFC 10-307] analyzing entity xbip_dsp48e1_wrapper_v3_0
INFO: [VRFC 10-307] analyzing entity xbip_dsp48e2_wrapper_v3_0
INFO: [VRFC 10-307] analyzing entity xbip_dsp48_wrapper_v3_0_4
INFO: [VRFC 10-163] Analyzing VHDL file "C:/Xilinx/Projects/swerling_model_rom/swerling_model_rom.ip_user_files/ipstatic/hdl/xbip_pipe_v3_0_vh_rfs.vhd" into library xbip_pipe_v3_0_3
INFO: [VRFC 10-307] analyzing entity xbip_pipe_v3_0_3_viv
INFO: [VRFC 10-307] analyzing entity xbip_pipe_v3_0_3
INFO: [VRFC 10-163] Analyzing VHDL file "C:/Xilinx/Projects/swerling_model_rom/swerling_model_rom.ip_user_files/ipstatic/hdl/xbip_dsp48_addsub_v3_0_vh_rfs.vhd" into library xbip_dsp48_addsub_v3_0_3
INFO: [VRFC 10-307] analyzing entity xbip_dsp48_addsub_rtl
INFO: [VRFC 10-307] analyzing entity xbip_dsp48_addsub_synth
INFO: [VRFC 10-307] analyzing entity xbip_dsp48_addsub_v3_0_3_viv
INFO: [VRFC 10-307] analyzing entity xbip_dsp48_addsub_v3_0_3
INFO: [VRFC 10-163] Analyzing VHDL file "C:/Xilinx/Projects/swerling_model_rom/swerling_model_rom.ip_user_files/ipstatic/hdl/xbip_addsub_v3_0_vh_rfs.vhd" into library xbip_addsub_v3_0_3
INFO: [VRFC 10-307] analyzing entity xbip_addsub_v3_0_3_viv
INFO: [VRFC 10-307] analyzing entity xbip_addsub_v3_0_3
INFO: [VRFC 10-163] Analyzing VHDL file "C:/Xilinx/Projects/swerling_model_rom/swerling_model_rom.ip_user_files/ipstatic/hdl/c_addsub_v12_0_vh_rfs.vhd" into library c_addsub_v12_0_10
INFO: [VRFC 10-307] analyzing entity c_addsub_v12_0_10_lut6_legacy
INFO: [VRFC 10-307] analyzing entity c_addsub_v12_0_10_base_legacy
INFO: [VRFC 10-307] analyzing entity c_addsub_v12_0_10_fabric_legacy
INFO: [VRFC 10-307] analyzing entity c_addsub_v12_0_10_legacy
INFO: [VRFC 10-307] analyzing entity c_addsub_v12_0_10_viv
INFO: [VRFC 10-307] analyzing entity c_addsub_v12_0_10
INFO: [VRFC 10-163] Analyzing VHDL file "C:/Xilinx/Projects/swerling_model_rom/swerling_model_rom.ip_user_files/ipstatic/hdl/xbip_bram18k_v3_0_vh_rfs.vhd" into library xbip_bram18k_v3_0_3
INFO: [VRFC 10-307] analyzing entity xbip_bram18k_synth
INFO: [VRFC 10-307] analyzing entity xbip_bram18k_rtl
INFO: [VRFC 10-307] analyzing entity xbip_bram18k_v3_0_3_viv
INFO: [VRFC 10-307] analyzing entity xbip_bram18k_v3_0_3
INFO: [VRFC 10-163] Analyzing VHDL file "C:/Xilinx/Projects/swerling_model_rom/swerling_model_rom.ip_user_files/ipstatic/hdl/mult_gen_v12_0_vh_rfs.vhd" into library mult_gen_v12_0_12
INFO: [VRFC 10-307] analyzing entity op_resize
INFO: [VRFC 10-307] analyzing entity delay_line
INFO: [VRFC 10-307] analyzing entity cc_compare
INFO: [VRFC 10-307] analyzing entity luts
INFO: [VRFC 10-307] analyzing entity mult18
INFO: [VRFC 10-307] analyzing entity dsp
INFO: [VRFC 10-307] analyzing entity hybrid
INFO: [VRFC 10-307] analyzing entity ccm_dist_mem
INFO: [VRFC 10-307] analyzing entity ccm_sp_block_mem
INFO: [VRFC 10-307] analyzing entity ccm_dp_block_mem
INFO: [VRFC 10-307] analyzing entity ccm_syncmem
INFO: [VRFC 10-307] analyzing entity ccm_scaled_adder
INFO: [VRFC 10-307] analyzing entity ccm_operation
INFO: [VRFC 10-307] analyzing entity ccm
INFO: [VRFC 10-307] analyzing entity three_input_adder
INFO: [VRFC 10-307] analyzing entity multmxn_lut6
INFO: [VRFC 10-307] analyzing entity mult_gen_v12_0_12_viv
INFO: [VRFC 10-307] analyzing entity mult_gen_v12_0_12
INFO: [VRFC 10-163] Analyzing VHDL file "C:/Xilinx/Projects/swerling_model_rom/swerling_model_rom.ip_user_files/ipstatic/hdl/axi_utils_v2_0_vh_rfs.vhd" into library axi_utils_v2_0_3
INFO: [VRFC 10-307] analyzing entity glb_srl_fifo
INFO: [VRFC 10-307] analyzing entity glb_ifx_slave
INFO: [VRFC 10-307] analyzing entity glb_ifx_master
INFO: [VRFC 10-307] analyzing entity axi_slave_2to1
INFO: [VRFC 10-307] analyzing entity axi_slave_3to1
INFO: [VRFC 10-307] analyzing entity axi_slave_4to1
INFO: [VRFC 10-163] Analyzing VHDL file "C:/Xilinx/Projects/swerling_model_rom/swerling_model_rom.ip_user_files/ipstatic/hdl/cordic_v6_0_vh_rfs.vhd" into library cordic_v6_0_11
INFO: [VRFC 10-307] analyzing entity compare
INFO: [VRFC 10-307] analyzing entity addsub
INFO: [VRFC 10-307] analyzing entity delay
INFO: [VRFC 10-307] analyzing entity delay_bit
INFO: [VRFC 10-307] analyzing entity cordic_inp_config
INFO: [VRFC 10-307] analyzing entity cordic_eng
INFO: [VRFC 10-307] analyzing entity cordic_eng_slice_par
INFO: [VRFC 10-307] analyzing entity cordic_dat_acc_slice_par
INFO: [VRFC 10-307] analyzing entity cordic_cntr
INFO: [VRFC 10-307] analyzing entity cordic_ctrl_slice_par
INFO: [VRFC 10-307] analyzing entity cordic_pha_acc_slice_wser
INFO: [VRFC 10-307] analyzing entity cordic_pha_acc_slice_par
INFO: [VRFC 10-307] analyzing entity cordic_ctrl_slice_wser
INFO: [VRFC 10-307] analyzing entity cordic_dat_acc_slice_wser
INFO: [VRFC 10-307] analyzing entity cordic_shift
INFO: [VRFC 10-307] analyzing entity cordic_eng_slice_wser
INFO: [VRFC 10-307] analyzing entity cordic_atan_rom
INFO: [VRFC 10-307] analyzing entity cordic_scale
INFO: [VRFC 10-307] analyzing entity cordic_out_config
INFO: [VRFC 10-307] analyzing entity cordic_round
INFO: [VRFC 10-307] analyzing entity cordic_sqrt_mod
INFO: [VRFC 10-307] analyzing entity cordic_sqrt
INFO: [VRFC 10-307] analyzing entity cordic_v6_0_11_synth
INFO: [VRFC 10-307] analyzing entity cordic_v6_0_11_viv
INFO: [VRFC 10-307] analyzing entity cordic_v6_0_11
INFO: [VRFC 10-163] Analyzing VHDL file "C:/Xilinx/Projects/swerling_model_rom/swerling_model_rom.srcs/sources_1/ip/square_root/sim/square_root.vhd" into library xil_defaultlib
INFO: [VRFC 10-307] analyzing entity square_root
INFO: [VRFC 10-163] Analyzing VHDL file "C:/Xilinx/Projects/swerling_model_rom/swerling_model_rom.srcs/sources_1/ip/log_fun_65536x16/log_fun_65536x16_sim_netlist.vhdl" into library xil_defaultlib
INFO: [VRFC 10-307] analyzing entity log_fun_65536x16_bindec
INFO: [VRFC 10-307] analyzing entity log_fun_65536x16_blk_mem_gen_mux
INFO: [VRFC 10-307] analyzing entity log_fun_65536x16_blk_mem_gen_prim_wrapper_init
INFO: [VRFC 10-307] analyzing entity \log_fun_65536x16_blk_mem_gen_prim_wrapper_init__parameterized0\
INFO: [VRFC 10-307] analyzing entity \log_fun_65536x16_blk_mem_gen_prim_wrapper_init__parameterized1\
INFO: [VRFC 10-307] analyzing entity \log_fun_65536x16_blk_mem_gen_prim_wrapper_init__parameterized10\
INFO: [VRFC 10-307] analyzing entity \log_fun_65536x16_blk_mem_gen_prim_wrapper_init__parameterized11\
INFO: [VRFC 10-307] analyzing entity \log_fun_65536x16_blk_mem_gen_prim_wrapper_init__parameterized12\
INFO: [VRFC 10-307] analyzing entity \log_fun_65536x16_blk_mem_gen_prim_wrapper_init__parameterized13\
INFO: [VRFC 10-307] analyzing entity \log_fun_65536x16_blk_mem_gen_prim_wrapper_init__parameterized14\
INFO: [VRFC 10-307] analyzing entity \log_fun_65536x16_blk_mem_gen_prim_wrapper_init__parameterized15\
INFO: [VRFC 10-307] analyzing entity \log_fun_65536x16_blk_mem_gen_prim_wrapper_init__parameterized16\
INFO: [VRFC 10-307] analyzing entity \log_fun_65536x16_blk_mem_gen_prim_wrapper_init__parameterized17\
INFO: [VRFC 10-307] analyzing entity \log_fun_65536x16_blk_mem_gen_prim_wrapper_init__parameterized18\
INFO: [VRFC 10-307] analyzing entity \log_fun_65536x16_blk_mem_gen_prim_wrapper_init__parameterized19\
INFO: [VRFC 10-307] analyzing entity \log_fun_65536x16_blk_mem_gen_prim_wrapper_init__parameterized2\
INFO: [VRFC 10-307] analyzing entity \log_fun_65536x16_blk_mem_gen_prim_wrapper_init__parameterized20\
INFO: [VRFC 10-307] analyzing entity \log_fun_65536x16_blk_mem_gen_prim_wrapper_init__parameterized21\
INFO: [VRFC 10-307] analyzing entity \log_fun_65536x16_blk_mem_gen_prim_wrapper_init__parameterized3\
INFO: [VRFC 10-307] analyzing entity \log_fun_65536x16_blk_mem_gen_prim_wrapper_init__parameterized4\
INFO: [VRFC 10-307] analyzing entity \log_fun_65536x16_blk_mem_gen_prim_wrapper_init__parameterized5\
INFO: [VRFC 10-307] analyzing entity \log_fun_65536x16_blk_mem_gen_prim_wrapper_init__parameterized6\
INFO: [VRFC 10-307] analyzing entity \log_fun_65536x16_blk_mem_gen_prim_wrapper_init__parameterized7\
INFO: [VRFC 10-307] analyzing entity \log_fun_65536x16_blk_mem_gen_prim_wrapper_init__parameterized8\
INFO: [VRFC 10-307] analyzing entity \log_fun_65536x16_blk_mem_gen_prim_wrapper_init__parameterized9\
INFO: [VRFC 10-307] analyzing entity log_fun_65536x16_blk_mem_gen_prim_width
INFO: [VRFC 10-307] analyzing entity \log_fun_65536x16_blk_mem_gen_prim_width__parameterized0\
INFO: [VRFC 10-307] analyzing entity \log_fun_65536x16_blk_mem_gen_prim_width__parameterized1\
INFO: [VRFC 10-307] analyzing entity \log_fun_65536x16_blk_mem_gen_prim_width__parameterized10\
INFO: [VRFC 10-307] analyzing entity \log_fun_65536x16_blk_mem_gen_prim_width__parameterized11\
INFO: [VRFC 10-307] analyzing entity \log_fun_65536x16_blk_mem_gen_prim_width__parameterized12\
INFO: [VRFC 10-307] analyzing entity \log_fun_65536x16_blk_mem_gen_prim_width__parameterized13\
INFO: [VRFC 10-307] analyzing entity \log_fun_65536x16_blk_mem_gen_prim_width__parameterized14\
INFO: [VRFC 10-307] analyzing entity \log_fun_65536x16_blk_mem_gen_prim_width__parameterized15\
INFO: [VRFC 10-307] analyzing entity \log_fun_65536x16_blk_mem_gen_prim_width__parameterized16\
INFO: [VRFC 10-307] analyzing entity \log_fun_65536x16_blk_mem_gen_prim_width__parameterized17\
INFO: [VRFC 10-307] analyzing entity \log_fun_65536x16_blk_mem_gen_prim_width__parameterized18\
INFO: [VRFC 10-307] analyzing entity \log_fun_65536x16_blk_mem_gen_prim_width__parameterized19\
INFO: [VRFC 10-307] analyzing entity \log_fun_65536x16_blk_mem_gen_prim_width__parameterized2\
INFO: [VRFC 10-307] analyzing entity \log_fun_65536x16_blk_mem_gen_prim_width__parameterized20\
INFO: [VRFC 10-307] analyzing entity \log_fun_65536x16_blk_mem_gen_prim_width__parameterized21\
INFO: [VRFC 10-307] analyzing entity \log_fun_65536x16_blk_mem_gen_prim_width__parameterized3\
INFO: [VRFC 10-307] analyzing entity \log_fun_65536x16_blk_mem_gen_prim_width__parameterized4\
INFO: [VRFC 10-307] analyzing entity \log_fun_65536x16_blk_mem_gen_prim_width__parameterized5\
INFO: [VRFC 10-307] analyzing entity \log_fun_65536x16_blk_mem_gen_prim_width__parameterized6\
INFO: [VRFC 10-307] analyzing entity \log_fun_65536x16_blk_mem_gen_prim_width__parameterized7\
INFO: [VRFC 10-307] analyzing entity \log_fun_65536x16_blk_mem_gen_prim_width__parameterized8\
INFO: [VRFC 10-307] analyzing entity \log_fun_65536x16_blk_mem_gen_prim_width__parameterized9\
INFO: [VRFC 10-307] analyzing entity log_fun_65536x16_blk_mem_gen_generic_cstr
INFO: [VRFC 10-307] analyzing entity log_fun_65536x16_blk_mem_gen_top
INFO: [VRFC 10-307] analyzing entity log_fun_65536x16_blk_mem_gen_v8_3_5_synth
INFO: [VRFC 10-307] analyzing entity log_fun_65536x16_blk_mem_gen_v8_3_5
INFO: [VRFC 10-307] analyzing entity log_fun_65536x16
INFO: [VRFC 10-163] Analyzing VHDL file "C:/Xilinx/Projects/swerling_model_rom/swerling_model_rom.srcs/sources_1/new/swerling_model_rom.vhd" into library xil_defaultlib
INFO: [VRFC 10-307] analyzing entity swerling_model_rom
INFO: [VRFC 10-163] Analyzing VHDL file "C:/Xilinx/Projects/swerling_model_rom/swerling_model_rom.srcs/sources_1/new/swerling_model_rom_tb.vhd" into library xil_defaultlib
INFO: [VRFC 10-307] analyzing entity swerling_model_rom_tb
