Exception at PC 0x00007FF9CC02A839
Exception at PC 0x00007FF9CC02A839
Unable to capture context for thread 9096 in process 4648, can not generate back trace
Unable to capture context for thread 12400 in process 4648, can not generate back trace
Unable to capture context for thread 12240 in process 4648, can not generate back trace
Exception at PC 0x00007FF9CC02A839
Unable to capture context for thread 12240 in process 4648, can not generate back trace
Exception at PC 0x00007FF967B9BB93
Printing stacktrace...

Exception at PC 0x00007FF9CC02A839
Exception at PC 0x00007FF9CC02A839
Exception at PC 0x00007FF9CC02A839
Exception at PC 0x00007FF9CC02A839
Exception at PC 0x00007FF9CC02A839
Exception at PC 0x00007FF9CC02A839
Exception at PC 0x00007FF9CC02A839
Exception at PC 0x00007FF9CC02A839
Exception at PC 0x00007FF9CC02A839
Exception at PC 0x00007FF9CC02A839
Exception at PC 0x00007FF9CC02A839
Exception at PC 0x00007FF9CC02A839
Exception at PC 0x00007FF9CC02A839
[0]  [0x00007FF967B9BB93]
[1]  [0x00007FF967B9BB93]
[2]  [0x00007FF967B9B4A1]
[3]  [0x00007FF967B9B3EF]
[4]  [0x00007FF967B819FE]
[5]  [0x00007FF967B80ED1]
[6]  [0x00007FF967B80D76]
[7]  [0x00007FF967B279F6]
[8]  [0x00007FF967B17AFB]
[9]  [0x00007FF967C3E90A]
[10]  [0x00007FF967C59F87]
[11]  [0x00007FF967C5A05F]
[12] (BaseThreadInitThunk+0x14) [0x00007FF9CEB07BD4]
[13] (RtlUserThreadStart+0x21) [0x00007FF9CEF2CED1]
Done
Exception at PC 0x00007FF9CC02A839
Exception at PC 0x00007FF9CC02A839
Exception at PC 0x00007FF9CC02A839
Exception at PC 0x00007FF9CC02A839
Exception at PC 0x00007FF9CC02A839
